[2026-01-22 20:23:22] [[32minfo[39m] : 🚀 Server running in development mode on port 5000 | meta: {"service":"minest-api"}
[2026-01-22 20:23:22] [[32minfo[39m] : 🔗 API Base URL: http://localhost:5000/api/v1 | meta: {"service":"minest-api"}
[2026-01-22 20:23:26] [[32minfo[39m] : MongoDB Connected: ac-fjbjfim-shard-00-01.mbhxk7n.mongodb.net | meta: {"service":"minest-api"}
[2026-01-22 20:24:32] [[32minfo[39m] : 🚀 Server running in development mode on port 5000 | meta: {"service":"minest-api"}
[2026-01-22 20:24:32] [[32minfo[39m] : 🔗 API Base URL: http://localhost:5000/api/v1 | meta: {"service":"minest-api"}
[2026-01-22 20:24:39] [[32minfo[39m] : 🚀 Server running in development mode on port 5000 | meta: {"service":"minest-api"}
[2026-01-22 20:24:39] [[32minfo[39m] : 🔗 API Base URL: http://localhost:5000/api/v1 | meta: {"service":"minest-api"}
[2026-01-22 20:24:41] [[32minfo[39m] : MongoDB Connected: ac-fjbjfim-shard-00-02.mbhxk7n.mongodb.net | meta: {"service":"minest-api"}
[2026-01-22 20:25:13] [[32minfo[39m] : 🚀 Server running in development mode on port 5000 | meta: {"service":"minest-api"}
[2026-01-22 20:25:13] [[32minfo[39m] : 🔗 API Base URL: http://localhost:5000/api/v1 | meta: {"service":"minest-api"}
[2026-01-22 20:25:15] [[32minfo[39m] : MongoDB Connected: ac-fjbjfim-shard-00-02.mbhxk7n.mongodb.net | meta: {"service":"minest-api"}
[2026-01-22 20:30:49] [[31merror[39m] : TypeError: Cannot read properties of undefined (reading 'email') | meta: {"service":"minest-api"}
[2026-01-22 20:31:32] [[31merror[39m] : TypeError: Cannot read properties of undefined (reading 'email') | meta: {"service":"minest-api"}
[2026-01-22 20:32:35] [[32minfo[39m] : 🚀 Server running in development mode on port 5000 | meta: {"service":"minest-api"}
[2026-01-22 20:32:35] [[32minfo[39m] : 🔗 API Base URL: http://localhost:5000/api/v1 | meta: {"service":"minest-api"}
[2026-01-22 20:32:38] [[32minfo[39m] : MongoDB Connected: ac-fjbjfim-shard-00-01.mbhxk7n.mongodb.net | meta: {"service":"minest-api"}
[2026-01-22 20:33:11] [[32minfo[39m] : 🚀 Server running in development mode on port 5000 | meta: {"service":"minest-api"}
[2026-01-22 20:33:11] [[32minfo[39m] : 🔗 API Base URL: http://localhost:5000/api/v1 | meta: {"service":"minest-api"}
[2026-01-22 20:33:13] [[32minfo[39m] : MongoDB Connected: ac-fjbjfim-shard-00-01.mbhxk7n.mongodb.net | meta: {"service":"minest-api"}
[2026-01-22 20:33:25] [[31merror[39m] : ValidationError: "phoneno" is required | meta: {"service":"minest-api"}
[2026-01-22 20:33:52] [[31merror[39m] : ValidationError: "phoneno" must be a string | meta: {"service":"minest-api"}
[2026-01-22 20:34:48] [[32minfo[39m] : 🚀 Server running in development mode on port 5000 | meta: {"service":"minest-api"}
[2026-01-22 20:34:48] [[32minfo[39m] : 🔗 API Base URL: http://localhost:5000/api/v1 | meta: {"service":"minest-api"}
[2026-01-22 20:34:53] [[32minfo[39m] : MongoDB Connected: ac-fjbjfim-shard-00-01.mbhxk7n.mongodb.net | meta: {"service":"minest-api"}
[2026-01-22 20:35:10] [[32minfo[39m] : 🚀 Server running in development mode on port 5000 | meta: {"service":"minest-api"}
[2026-01-22 20:35:10] [[32minfo[39m] : 🔗 API Base URL: http://localhost:5000/api/v1 | meta: {"service":"minest-api"}
[2026-01-22 20:35:27] [[32minfo[39m] : 🚀 Server running in development mode on port 5000 | meta: {"service":"minest-api"}
[2026-01-22 20:35:27] [[32minfo[39m] : 🔗 API Base URL: http://localhost:5000/api/v1 | meta: {"service":"minest-api"}
[2026-01-22 20:35:30] [[32minfo[39m] : MongoDB Connected: ac-fjbjfim-shard-00-01.mbhxk7n.mongodb.net | meta: {"service":"minest-api"}
[2026-01-22 20:36:43] [[32minfo[39m] : 🚀 Server running in development mode on port 5000 | meta: {"service":"minest-api"}
[2026-01-22 20:36:43] [[32minfo[39m] : 🔗 API Base URL: http://localhost:5000/api/v1 | meta: {"service":"minest-api"}
[2026-01-22 20:36:48] [[32minfo[39m] : MongoDB Connected: ac-fjbjfim-shard-00-02.mbhxk7n.mongodb.net | meta: {"service":"minest-api"}
[2026-01-22 20:38:08] [[31merror[39m] : MongoDB disconnected, trying to reconnect...: undefined | meta: {"service":"minest-api"}
[2026-01-23 12:57:25] [[32minfo[39m] : 🚀 Server running in development mode on port 5000 | meta: {"service":"minest-api"}
[2026-01-23 12:57:25] [[32minfo[39m] : 🔗 API Base URL: http://localhost:5000/api/v1 | meta: {"service":"minest-api"}
[2026-01-23 12:57:27] [[32minfo[39m] : MongoDB Connected: ac-fjbjfim-shard-00-02.mbhxk7n.mongodb.net | meta: {"service":"minest-api"}
[2026-01-23 12:59:08] [[31merror[39m] : ValidationError: "password" length must be at least 8 characters long | meta: {"service":"minest-api"}
[2026-01-23 13:00:09] [[31merror[39m] : Error: Invalid credentials | meta: {"service":"minest-api"}
[2026-01-23 13:01:46] [[32minfo[39m] : 🚀 Server running in development mode on port 5000 | meta: {"service":"minest-api"}
[2026-01-23 13:01:46] [[32minfo[39m] : 🔗 API Base URL: http://localhost:5000/api/v1 | meta: {"service":"minest-api"}
[2026-01-23 13:01:48] [[32minfo[39m] : MongoDB Connected: ac-fjbjfim-shard-00-02.mbhxk7n.mongodb.net | meta: {"service":"minest-api"}
[2026-01-23 13:02:07] [[32minfo[39m] : 🚀 Server running in development mode on port 5000 | meta: {"service":"minest-api"}
[2026-01-23 13:02:07] [[32minfo[39m] : 🔗 API Base URL: http://localhost:5000/api/v1 | meta: {"service":"minest-api"}
[2026-01-23 13:02:09] [[32minfo[39m] : MongoDB Connected: ac-fjbjfim-shard-00-02.mbhxk7n.mongodb.net | meta: {"service":"minest-api"}
[2026-01-23 13:02:34] [[31merror[39m] : Error: Invalid credentials | meta: {"service":"minest-api"}
[2026-01-23 13:02:45] [[31merror[39m] : Error: Invalid credentials | meta: {"service":"minest-api"}
[2026-01-23 13:02:50] [[31merror[39m] : MongoDB disconnected, trying to reconnect...: undefined | meta: {"service":"minest-api"}
