[2026-01-22 20:30:49] [[31merror[39m] : TypeError: Cannot read properties of undefined (reading 'email') | meta: {"service":"minest-api"}
[2026-01-22 20:31:32] [[31merror[39m] : TypeError: Cannot read properties of undefined (reading 'email') | meta: {"service":"minest-api"}
[2026-01-22 20:33:25] [[31merror[39m] : ValidationError: "phoneno" is required | meta: {"service":"minest-api"}
[2026-01-22 20:33:52] [[31merror[39m] : ValidationError: "phoneno" must be a string | meta: {"service":"minest-api"}
[2026-01-22 20:38:08] [[31merror[39m] : MongoDB disconnected, trying to reconnect...: undefined | meta: {"service":"minest-api"}
[2026-01-23 12:59:08] [[31merror[39m] : ValidationError: "password" length must be at least 8 characters long | meta: {"service":"minest-api"}
[2026-01-23 13:00:09] [[31merror[39m] : Error: Invalid credentials | meta: {"service":"minest-api"}
[2026-01-23 13:02:34] [[31merror[39m] : Error: Invalid credentials | meta: {"service":"minest-api"}
[2026-01-23 13:02:45] [[31merror[39m] : Error: Invalid credentials | meta: {"service":"minest-api"}
[2026-01-23 13:02:50] [[31merror[39m] : MongoDB disconnected, trying to reconnect...: undefined | meta: {"service":"minest-api"}
[2026-01-23 16:32:48] [[31merror[39m] : TypeError: Cannot destructure property 'accessToken' of 'req.cookies' as it is undefined. | meta: {"service":"minest-api"}
[2026-01-23 16:36:16] [[31merror[39m] : Error: Unauthorized | meta: {"service":"minest-api"}
[2026-01-23 16:37:20] [[31merror[39m] : Error: Unauthorized | meta: {"service":"minest-api"}
[2026-01-23 16:37:58] [[31merror[39m] : Error: Unauthorized | meta: {"service":"minest-api"}
[2026-01-23 16:40:13] [[31merror[39m] : SyntaxError: Bad Unicode escape in JSON at position 22 (line 2 column 20) | meta: {"service":"minest-api"}
[2026-01-23 16:40:21] [[31merror[39m] : Error: Invalid credentials | meta: {"service":"minest-api"}
[2026-01-23 16:40:56] [[31merror[39m] : Error: Unauthorized | meta: {"service":"minest-api"}
[2026-01-23 16:40:57] [[31merror[39m] : Error: Unauthorized | meta: {"service":"minest-api"}
[2026-01-23 16:44:09] [[31merror[39m] : Error: Unauthorized | meta: {"service":"minest-api"}
[2026-01-23 16:45:04] [[31merror[39m] : Error: Unauthorized | meta: {"service":"minest-api"}
[2026-01-23 16:45:08] [[31merror[39m] : Error: Unauthorized | meta: {"service":"minest-api"}
[2026-01-23 16:46:21] [[31merror[39m] : Error: Unauthorized | meta: {"service":"minest-api"}
[2026-01-23 16:46:29] [[31merror[39m] : Error: Unauthorized | meta: {"service":"minest-api"}
[2026-01-23 16:55:56] [[31merror[39m] : MongoDB disconnected, trying to reconnect...: undefined | meta: {"service":"minest-api"}
